Сборка начата 14.12.2023 17:06:09.
Уровень детализации журнала: Normal.     1>Проект "D:\LESSONS\ОАиП\15 лаба\Project15\Project15.vcxproj" в узле 2 (целевые объекты Build).
     1>InitializeBuildStatus:
         Создание "x64\Debug\Project15.tlog\unsuccessfulbuild", так как было задано "AlwaysCreate".
         Обращение к "x64\Debug\Project15.tlog\unsuccessfulbuild".
       ClCompile:
         D:\Visual studio\VC\Tools\MSVC\14.37.32822\bin\HostX64\x64\CL.exe /c /ZI /JMC /nologo /W3 /WX- /diagnostics:column /sdl /Od /D _DEBUG /D _CONSOLE /D _UNICODE /D UNICODE /Gm- /EHsc /RTC1 /MDd /GS /fp:precise /Zc:wchar_t /Zc:forScope /Zc:inline /permissive- /Fo"x64\Debug\\" /Fd"x64\Debug\vc143.pdb" /external:W3 /Gd /TP /FC /errorReport:prompt 1.1.cpp
         1.1.cpp
     1>D:\LESSONS\ОАиП\15 лаба\Project15\1.1.cpp(4,13): warning C4326: возвращаемый тип "main" должен быть "int", а не "void"
     1>D:\LESSONS\ОАиП\15 лаба\Project15\1.1.cpp(6,12): warning C4244: аргумент: преобразование "time_t" в "unsigned int", возможна потеря данных
       Link:
         D:\Visual studio\VC\Tools\MSVC\14.37.32822\bin\HostX64\x64\link.exe /ERRORREPORT:PROMPT /OUT:"D:\LESSONS\ОАиП\15 лаба\Project15\x64\Debug\Project15.exe" /INCREMENTAL /ILK:"x64\Debug\Project15.ilk" /NOLOGO kernel32.lib user32.lib gdi32.lib winspool.lib comdlg32.lib advapi32.lib shell32.lib ole32.lib oleaut32.lib uuid.lib odbc32.lib odbccp32.lib /MANIFEST /MANIFESTUAC:"level='asInvoker' uiAccess='false'" /manifest:embed /DEBUG /PDB:"D:\LESSONS\ОАиП\15 лаба\Project15\x64\Debug\Project15.pdb" /SUBSYSTEM:CONSOLE /TLBID:1 /DYNAMICBASE /NXCOMPAT /IMPLIB:"D:\LESSONS\ОАиП\15 лаба\Project15\x64\Debug\Project15.lib" /MACHINE:X64 x64\Debug\1.1.obj
         Project15.vcxproj -> D:\LESSONS\ОАиП\15 лаба\Project15\x64\Debug\Project15.exe
       FinalizeBuildStatus:
         Файл "x64\Debug\Project15.tlog\unsuccessfulbuild" удаляется.
         Обращение к "x64\Debug\Project15.tlog\Project15.lastbuildstate".
     1>Сборка проекта "D:\LESSONS\ОАиП\15 лаба\Project15\Project15.vcxproj" завершена (целевые объекты Build).

Сборка успешно завершена.

       "D:\LESSONS\ОАиП\15 лаба\Project15\Project15.vcxproj" (целевой объект Build ) (1) ->
       (Целевой объект ClCompile) -> 
         D:\LESSONS\ОАиП\15 лаба\Project15\1.1.cpp(4,13): warning C4326: возвращаемый тип "main" должен быть "int", а не "void"
         D:\LESSONS\ОАиП\15 лаба\Project15\1.1.cpp(6,12): warning C4244: аргумент: преобразование "time_t" в "unsigned int", возможна потеря данных

    Предупреждений: 2
    Ошибок: 0

Прошло времени 00:00:01.01
