Сборка начата 24.10.2023 19:05:24.
Уровень детализации журнала: Normal.     1>Проект "D:\LESSONS\ОАиП\8 лаба\Project8\Project8.vcxproj" в узле 2 (целевые объекты Build).
     1>InitializeBuildStatus:
         Создание "x64\Debug\Project8.tlog\unsuccessfulbuild", так как было задано "AlwaysCreate".
         Обращение к "x64\Debug\Project8.tlog\unsuccessfulbuild".
       ClCompile:
         D:\Visual studio\VC\Tools\MSVC\14.37.32822\bin\HostX64\x64\CL.exe /c /ZI /JMC /nologo /W3 /WX- /diagnostics:column /sdl /Od /D _DEBUG /D _CONSOLE /D _UNICODE /D UNICODE /Gm- /EHsc /RTC1 /MDd /GS /fp:precise /Zc:wchar_t /Zc:forScope /Zc:inline /permissive- /Fo"x64\Debug\\" /Fd"x64\Debug\vc143.pdb" /external:W3 /Gd /TP /FC /errorReport:prompt "project 8.4.1.cpp"
         project 8.4.1.cpp
     1>D:\LESSONS\ОАиП\8 лаба\Project8\project 8.4.1.cpp(5,10): warning C4244: инициализация: преобразование "double" в "float", возможна потеря данных
     1>D:\LESSONS\ОАиП\8 лаба\Project8\project 8.4.1.cpp(5,41): warning C4305: инициализация: усечение из "double" в "float"
     1>D:\LESSONS\ОАиП\8 лаба\Project8\project 8.4.1.cpp(5,56): warning C4305: инициализация: усечение из "double" в "float"
     1>D:\LESSONS\ОАиП\8 лаба\Project8\project 8.4.1.cpp(8,14): warning C4244: =: преобразование "double" в "float", возможна потеря данных
       Link:
         D:\Visual studio\VC\Tools\MSVC\14.37.32822\bin\HostX64\x64\link.exe /ERRORREPORT:PROMPT /OUT:"D:\LESSONS\ОАиП\8 лаба\Project8\x64\Debug\Project8.exe" /INCREMENTAL /ILK:"x64\Debug\Project8.ilk" /NOLOGO kernel32.lib user32.lib gdi32.lib winspool.lib comdlg32.lib advapi32.lib shell32.lib ole32.lib oleaut32.lib uuid.lib odbc32.lib odbccp32.lib /MANIFEST /MANIFESTUAC:"level='asInvoker' uiAccess='false'" /manifest:embed /DEBUG /PDB:"D:\LESSONS\ОАиП\8 лаба\Project8\x64\Debug\Project8.pdb" /SUBSYSTEM:CONSOLE /TLBID:1 /DYNAMICBASE /NXCOMPAT /IMPLIB:"D:\LESSONS\ОАиП\8 лаба\Project8\x64\Debug\Project8.lib" /MACHINE:X64 "x64\Debug\project 8.4.1.obj"
         Project8.vcxproj -> D:\LESSONS\ОАиП\8 лаба\Project8\x64\Debug\Project8.exe
       FinalizeBuildStatus:
         Файл "x64\Debug\Project8.tlog\unsuccessfulbuild" удаляется.
         Обращение к "x64\Debug\Project8.tlog\Project8.lastbuildstate".
     1>Сборка проекта "D:\LESSONS\ОАиП\8 лаба\Project8\Project8.vcxproj" завершена (целевые объекты Build).

Сборка успешно завершена.

       "D:\LESSONS\ОАиП\8 лаба\Project8\Project8.vcxproj" (целевой объект Build ) (1) ->
       (Целевой объект ClCompile) -> 
         D:\LESSONS\ОАиП\8 лаба\Project8\project 8.4.1.cpp(5,10): warning C4244: инициализация: преобразование "double" в "float", возможна потеря данных
         D:\LESSONS\ОАиП\8 лаба\Project8\project 8.4.1.cpp(5,41): warning C4305: инициализация: усечение из "double" в "float"
         D:\LESSONS\ОАиП\8 лаба\Project8\project 8.4.1.cpp(5,56): warning C4305: инициализация: усечение из "double" в "float"
         D:\LESSONS\ОАиП\8 лаба\Project8\project 8.4.1.cpp(8,14): warning C4244: =: преобразование "double" в "float", возможна потеря данных

    Предупреждений: 4
    Ошибок: 0

Прошло времени 00:00:00.63
