Сборка начата 23.10.2023 19:18:17.
Уровень детализации журнала: Normal.     1>Проект "D:\LESSONS\ОАиП\7 лаба\Project7.7\Project7.7.vcxproj" в узле 2 (целевые объекты Build).
     1>PrepareForBuild:
         Создание каталога "x64\Debug\Project7.7.tlog\".
       InitializeBuildStatus:
         Создание "x64\Debug\Project7.7.tlog\unsuccessfulbuild", так как было задано "AlwaysCreate".
         Обращение к "x64\Debug\Project7.7.tlog\unsuccessfulbuild".
       ClCompile:
         D:\Visual studio\VC\Tools\MSVC\14.37.32822\bin\HostX64\x64\CL.exe /c /ZI /JMC /nologo /W3 /WX- /diagnostics:column /sdl /Od /D _DEBUG /D _CONSOLE /D _UNICODE /D UNICODE /Gm- /EHsc /RTC1 /MDd /GS /fp:precise /Zc:wchar_t /Zc:forScope /Zc:inline /permissive- /Fo"x64\Debug\\" /Fd"x64\Debug\vc143.pdb" /external:W3 /Gd /TP /FC /errorReport:prompt "Project 7.7.cpp"
         Project 7.7.cpp
       Link:
         D:\Visual studio\VC\Tools\MSVC\14.37.32822\bin\HostX64\x64\link.exe /ERRORREPORT:PROMPT /OUT:"D:\LESSONS\ОАиП\7 лаба\Project7\x64\Debug\Project7.7.exe" /INCREMENTAL /ILK:"x64\Debug\Project7.7.ilk" /NOLOGO kernel32.lib user32.lib gdi32.lib winspool.lib comdlg32.lib advapi32.lib shell32.lib ole32.lib oleaut32.lib uuid.lib odbc32.lib odbccp32.lib /MANIFEST /MANIFESTUAC:"level='asInvoker' uiAccess='false'" /manifest:embed /DEBUG /PDB:"D:\LESSONS\ОАиП\7 лаба\Project7\x64\Debug\Project7.7.pdb" /SUBSYSTEM:CONSOLE /TLBID:1 /DYNAMICBASE /NXCOMPAT /IMPLIB:"D:\LESSONS\ОАиП\7 лаба\Project7\x64\Debug\Project7.7.lib" /MACHINE:X64 "x64\Debug\Project 7.7.obj"
         Project7.7.vcxproj -> D:\LESSONS\ОАиП\7 лаба\Project7\x64\Debug\Project7.7.exe
       FinalizeBuildStatus:
         Файл "x64\Debug\Project7.7.tlog\unsuccessfulbuild" удаляется.
         Обращение к "x64\Debug\Project7.7.tlog\Project7.7.lastbuildstate".
     1>Сборка проекта "D:\LESSONS\ОАиП\7 лаба\Project7.7\Project7.7.vcxproj" завершена (целевые объекты Build).

Сборка успешно завершена.
    Предупреждений: 0
    Ошибок: 0

Прошло времени 00:00:00.68
