Сборка начата 24.12.2023 17:18:30.
Уровень детализации журнала: Normal.     1>Проект "D:\LESSONS\ОАиП\16 лаба\8\8.vcxproj" в узле 2 (целевые объекты Build).
     1>InitializeBuildStatus:
         Создание "x64\Debug\8.tlog\unsuccessfulbuild", так как было задано "AlwaysCreate".
         Обращение к "x64\Debug\8.tlog\unsuccessfulbuild".
       ClCompile:
         D:\Visual studio\VC\Tools\MSVC\14.37.32822\bin\HostX64\x64\CL.exe /c /ZI /JMC /nologo /W3 /WX- /diagnostics:column /sdl /Od /D _DEBUG /D _CONSOLE /D _UNICODE /D UNICODE /Gm- /EHsc /RTC1 /MDd /GS /fp:precise /Zc:wchar_t /Zc:forScope /Zc:inline /permissive- /Fo"x64\Debug\\" /Fd"x64\Debug\vc143.pdb" /external:W3 /Gd /TP /FC /errorReport:prompt 8.cpp
         8.cpp
     1>D:\LESSONS\ОАиП\16 лаба\8\8.cpp(11,12): warning C4244: аргумент: преобразование "time_t" в "unsigned int", возможна потеря данных
       Link:
         D:\Visual studio\VC\Tools\MSVC\14.37.32822\bin\HostX64\x64\link.exe /ERRORREPORT:PROMPT /OUT:"D:\LESSONS\ОАиП\16 лаба\Project16\x64\Debug\8.exe" /INCREMENTAL /ILK:"x64\Debug\8.ilk" /NOLOGO kernel32.lib user32.lib gdi32.lib winspool.lib comdlg32.lib advapi32.lib shell32.lib ole32.lib oleaut32.lib uuid.lib odbc32.lib odbccp32.lib /MANIFEST /MANIFESTUAC:"level='asInvoker' uiAccess='false'" /manifest:embed /DEBUG /PDB:"D:\LESSONS\ОАиП\16 лаба\Project16\x64\Debug\8.pdb" /SUBSYSTEM:CONSOLE /TLBID:1 /DYNAMICBASE /NXCOMPAT /IMPLIB:"D:\LESSONS\ОАиП\16 лаба\Project16\x64\Debug\8.lib" /MACHINE:X64 x64\Debug\8.obj
         8.vcxproj -> D:\LESSONS\ОАиП\16 лаба\Project16\x64\Debug\8.exe
       FinalizeBuildStatus:
         Файл "x64\Debug\8.tlog\unsuccessfulbuild" удаляется.
         Обращение к "x64\Debug\8.tlog\8.lastbuildstate".
     1>Сборка проекта "D:\LESSONS\ОАиП\16 лаба\8\8.vcxproj" завершена (целевые объекты Build).

Сборка успешно завершена.

       "D:\LESSONS\ОАиП\16 лаба\8\8.vcxproj" (целевой объект Build ) (1) ->
       (Целевой объект ClCompile) -> 
         D:\LESSONS\ОАиП\16 лаба\8\8.cpp(11,12): warning C4244: аргумент: преобразование "time_t" в "unsigned int", возможна потеря данных

    Предупреждений: 1
    Ошибок: 0

Прошло времени 00:00:01.05
