Сборка начата 16.10.2023 2:00:22.
Уровень детализации журнала: Normal.     1>Проект "D:\LESSONS\ОАиП\6 лаба\while\while.vcxproj" в узле 2 (целевые объекты Build).
     1>InitializeBuildStatus:
         Создание "x64\Debug\while.tlog\unsuccessfulbuild", так как было задано "AlwaysCreate".
         Обращение к "x64\Debug\while.tlog\unsuccessfulbuild".
       ClCompile:
         D:\Visual studio\VC\Tools\MSVC\14.37.32822\bin\HostX64\x64\CL.exe /c /ZI /JMC /nologo /W3 /WX- /diagnostics:column /sdl /Od /D _DEBUG /D _CONSOLE /D _UNICODE /D UNICODE /Gm- /EHsc /RTC1 /MDd /GS /fp:precise /Zc:wchar_t /Zc:forScope /Zc:inline /permissive- /Fo"x64\Debug\\" /Fd"x64\Debug\vc143.pdb" /external:W3 /Gd /TP /FC /errorReport:prompt while.cpp
         while.cpp
     1>D:\LESSONS\ОАиП\6 лаба\while\while.cpp(3,13): warning C4326: возвращаемый тип "main" должен быть "int", а не "void"
     1>D:\LESSONS\ОАиП\6 лаба\while\while.cpp(5,10): warning C4305: инициализация: усечение из "double" в "float"
     1>D:\LESSONS\ОАиП\6 лаба\while\while.cpp(5,19): warning C4244: инициализация: преобразование "double" в "float", возможна потеря данных
     1>D:\LESSONS\ОАиП\6 лаба\while\while.cpp(9,20): warning C4244: =: преобразование "double" в "float", возможна потеря данных
     1>D:\LESSONS\ОАиП\6 лаба\while\while.cpp(10,26): warning C4244: =: преобразование "double" в "float", возможна потеря данных
     1>D:\LESSONS\ОАиП\6 лаба\while\while.cpp(13,9): warning C4244: =: преобразование "double" в "float", возможна потеря данных
       Link:
         D:\Visual studio\VC\Tools\MSVC\14.37.32822\bin\HostX64\x64\link.exe /ERRORREPORT:PROMPT /OUT:"D:\LESSONS\ОАиП\6 лаба\Project6\x64\Debug\while.exe" /INCREMENTAL /ILK:"x64\Debug\while.ilk" /NOLOGO kernel32.lib user32.lib gdi32.lib winspool.lib comdlg32.lib advapi32.lib shell32.lib ole32.lib oleaut32.lib uuid.lib odbc32.lib odbccp32.lib /MANIFEST /MANIFESTUAC:"level='asInvoker' uiAccess='false'" /manifest:embed /DEBUG /PDB:"D:\LESSONS\ОАиП\6 лаба\Project6\x64\Debug\while.pdb" /SUBSYSTEM:CONSOLE /TLBID:1 /DYNAMICBASE /NXCOMPAT /IMPLIB:"D:\LESSONS\ОАиП\6 лаба\Project6\x64\Debug\while.lib" /MACHINE:X64 x64\Debug\while.obj
         while.vcxproj -> D:\LESSONS\ОАиП\6 лаба\Project6\x64\Debug\while.exe
       FinalizeBuildStatus:
         Файл "x64\Debug\while.tlog\unsuccessfulbuild" удаляется.
         Обращение к "x64\Debug\while.tlog\while.lastbuildstate".
     1>Сборка проекта "D:\LESSONS\ОАиП\6 лаба\while\while.vcxproj" завершена (целевые объекты Build).

Сборка успешно завершена.

       "D:\LESSONS\ОАиП\6 лаба\while\while.vcxproj" (целевой объект Build ) (1) ->
       (Целевой объект ClCompile) -> 
         D:\LESSONS\ОАиП\6 лаба\while\while.cpp(3,13): warning C4326: возвращаемый тип "main" должен быть "int", а не "void"
         D:\LESSONS\ОАиП\6 лаба\while\while.cpp(5,10): warning C4305: инициализация: усечение из "double" в "float"
         D:\LESSONS\ОАиП\6 лаба\while\while.cpp(5,19): warning C4244: инициализация: преобразование "double" в "float", возможна потеря данных
         D:\LESSONS\ОАиП\6 лаба\while\while.cpp(9,20): warning C4244: =: преобразование "double" в "float", возможна потеря данных
         D:\LESSONS\ОАиП\6 лаба\while\while.cpp(10,26): warning C4244: =: преобразование "double" в "float", возможна потеря данных
         D:\LESSONS\ОАиП\6 лаба\while\while.cpp(13,9): warning C4244: =: преобразование "double" в "float", возможна потеря данных

    Предупреждений: 6
    Ошибок: 0

Прошло времени 00:00:01.12
