Сборка начата 25.12.2023 22:09:44.
Уровень детализации журнала: Normal.     1>Проект "D:\LESSONS\ОАиП\18 лаба\Project18\Project18.vcxproj" в узле 2 (целевые объекты Build).
     1>InitializeBuildStatus:
         Создание "x64\Debug\Project18.tlog\unsuccessfulbuild", так как было задано "AlwaysCreate".
         Обращение к "x64\Debug\Project18.tlog\unsuccessfulbuild".
       ClCompile:
         D:\Visual studio\VC\Tools\MSVC\14.37.32822\bin\HostX64\x64\CL.exe /c /ZI /JMC /nologo /W3 /WX- /diagnostics:column /sdl /Od /D _DEBUG /D _CONSOLE /D _UNICODE /D UNICODE /Gm- /EHsc /RTC1 /MDd /GS /fp:precise /Zc:wchar_t /Zc:forScope /Zc:inline /permissive- /Fo"x64\Debug\\" /Fd"x64\Debug\vc143.pdb" /external:W3 /Gd /TP /FC /errorReport:prompt 1.1.cpp
         1.1.cpp
     1>D:\LESSONS\ОАиП\18 лаба\Project18\1.1.cpp(49,28): warning C4474: "fscanf_s" : для строки формата передано слишком много аргументов
       D:\LESSONS\ОАиП\18 лаба\Project18\1.1.cpp(49,28): message : заполнители и их параметры ожидают переменное число аргументов в количестве 0, но было предоставлено 1
     1>D:\LESSONS\ОАиП\18 лаба\Project18\1.1.cpp(34,18): warning C4101: B: неиспользованная локальная переменная
     1>D:\LESSONS\ОАиП\18 лаба\Project18\1.1.cpp(34,24): warning C4101: C: неиспользованная локальная переменная
       Link:
         D:\Visual studio\VC\Tools\MSVC\14.37.32822\bin\HostX64\x64\link.exe /ERRORREPORT:PROMPT /OUT:"D:\LESSONS\ОАиП\18 лаба\Project18\x64\Debug\Project18.exe" /INCREMENTAL /ILK:"x64\Debug\Project18.ilk" /NOLOGO kernel32.lib user32.lib gdi32.lib winspool.lib comdlg32.lib advapi32.lib shell32.lib ole32.lib oleaut32.lib uuid.lib odbc32.lib odbccp32.lib /MANIFEST /MANIFESTUAC:"level='asInvoker' uiAccess='false'" /manifest:embed /DEBUG /PDB:"D:\LESSONS\ОАиП\18 лаба\Project18\x64\Debug\Project18.pdb" /SUBSYSTEM:CONSOLE /TLBID:1 /DYNAMICBASE /NXCOMPAT /IMPLIB:"D:\LESSONS\ОАиП\18 лаба\Project18\x64\Debug\Project18.lib" /MACHINE:X64 x64\Debug\1.1.obj
         Project18.vcxproj -> D:\LESSONS\ОАиП\18 лаба\Project18\x64\Debug\Project18.exe
       FinalizeBuildStatus:
         Файл "x64\Debug\Project18.tlog\unsuccessfulbuild" удаляется.
         Обращение к "x64\Debug\Project18.tlog\Project18.lastbuildstate".
     1>Сборка проекта "D:\LESSONS\ОАиП\18 лаба\Project18\Project18.vcxproj" завершена (целевые объекты Build).

Сборка успешно завершена.

       "D:\LESSONS\ОАиП\18 лаба\Project18\Project18.vcxproj" (целевой объект Build ) (1) ->
       (Целевой объект ClCompile) -> 
         D:\LESSONS\ОАиП\18 лаба\Project18\1.1.cpp(49,28): warning C4474: "fscanf_s" : для строки формата передано слишком много аргументов
         D:\LESSONS\ОАиП\18 лаба\Project18\1.1.cpp(34,18): warning C4101: B: неиспользованная локальная переменная
         D:\LESSONS\ОАиП\18 лаба\Project18\1.1.cpp(34,24): warning C4101: C: неиспользованная локальная переменная

    Предупреждений: 3
    Ошибок: 0

Прошло времени 00:00:01.07
