Сборка начата 19.09.2023 18:52:18.
Уровень детализации журнала: Normal.     1>Проект "D:\LESSONS\ОАиП\3 лаба(Аврусевич Егор ФИТ 1-9)\Project3\Project3.vcxproj" в узле 2 (целевые объекты Build).
     1>D:\Visual studio\MSBuild\Microsoft\VC\v170\Microsoft.CppBuild.targets(531,5): warning MSB8028: промежуточный каталог (x64\Debug\) содержит файлы, которые используются совместно с другим проектом (Project3.vcxproj).  Это может привести к ошибкам очистки и перестроения.
     1>InitializeBuildStatus:
         Создание "x64\Debug\Project3.1.1.tlog\unsuccessfulbuild", так как было задано "AlwaysCreate".
         Обращение к "x64\Debug\Project3.1.1.tlog\unsuccessfulbuild".
       ClCompile:
         D:\Visual studio\VC\Tools\MSVC\14.37.32822\bin\HostX64\x64\CL.exe /c /ZI /JMC /nologo /W3 /WX- /diagnostics:column /sdl /Od /D _DEBUG /D _CONSOLE /D _UNICODE /D UNICODE /Gm- /EHsc /RTC1 /MDd /GS /fp:precise /Zc:wchar_t /Zc:forScope /Zc:inline /permissive- /Fo"x64\Debug\\" /Fd"x64\Debug\vc143.pdb" /external:W3 /Gd /TP /FC /errorReport:prompt "Project 3.1.1.cpp"
         Project 3.1.1.cpp
     1>D:\LESSONS\ОАиП\3 лаба(Аврусевич Егор ФИТ 1-9)\Project3\Project 3.1.1.cpp(6,13): warning C4326: возвращаемый тип "main" должен быть "int", а не "void"
       Link:
         D:\Visual studio\VC\Tools\MSVC\14.37.32822\bin\HostX64\x64\link.exe /ERRORREPORT:PROMPT /OUT:"D:\LESSONS\ОАиП\3 лаба(Аврусевич Егор ФИТ 1-9)\Project3\x64\Debug\Project3.1.1.exe" /INCREMENTAL /ILK:"x64\Debug\Project3.1.1.ilk" /NOLOGO kernel32.lib user32.lib gdi32.lib winspool.lib comdlg32.lib advapi32.lib shell32.lib ole32.lib oleaut32.lib uuid.lib odbc32.lib odbccp32.lib /MANIFEST /MANIFESTUAC:"level='asInvoker' uiAccess='false'" /manifest:embed /DEBUG /PDB:"D:\LESSONS\ОАиП\3 лаба(Аврусевич Егор ФИТ 1-9)\Project3\x64\Debug\Project3.1.1.pdb" /SUBSYSTEM:CONSOLE /TLBID:1 /DYNAMICBASE /NXCOMPAT /IMPLIB:"D:\LESSONS\ОАиП\3 лаба(Аврусевич Егор ФИТ 1-9)\Project3\x64\Debug\Project3.1.1.lib" /MACHINE:X64 "x64\Debug\Project 3.1.1.obj"
         Project3.vcxproj -> D:\LESSONS\ОАиП\3 лаба(Аврусевич Егор ФИТ 1-9)\Project3\x64\Debug\Project3.1.1.exe
       FinalizeBuildStatus:
         Файл "x64\Debug\Project3.1.1.tlog\unsuccessfulbuild" удаляется.
         Обращение к "x64\Debug\Project3.1.1.tlog\Project3.1.1.lastbuildstate".
     1>Сборка проекта "D:\LESSONS\ОАиП\3 лаба(Аврусевич Егор ФИТ 1-9)\Project3\Project3.vcxproj" завершена (целевые объекты Build).

Сборка успешно завершена.

       "D:\LESSONS\ОАиП\3 лаба(Аврусевич Егор ФИТ 1-9)\Project3\Project3.vcxproj" (целевой объект Build ) (1) ->
       (Целевой объект PrepareForBuild) -> 
         D:\Visual studio\MSBuild\Microsoft\VC\v170\Microsoft.CppBuild.targets(531,5): warning MSB8028: промежуточный каталог (x64\Debug\) содержит файлы, которые используются совместно с другим проектом (Project3.vcxproj).  Это может привести к ошибкам очистки и перестроения.


       "D:\LESSONS\ОАиП\3 лаба(Аврусевич Егор ФИТ 1-9)\Project3\Project3.vcxproj" (целевой объект Build ) (1) ->
       (Целевой объект ClCompile) -> 
         D:\LESSONS\ОАиП\3 лаба(Аврусевич Егор ФИТ 1-9)\Project3\Project 3.1.1.cpp(6,13): warning C4326: возвращаемый тип "main" должен быть "int", а не "void"

    Предупреждений: 2
    Ошибок: 0

Прошло времени 00:00:00.79
