Сборка начата 30.10.2023 16:44:26.
Уровень детализации журнала: Normal.     1>Проект "D:\LESSONS\ОАиП\6 лаба\Dop 3\Dop 3.vcxproj" в узле 2 (целевые объекты Build).
     1>InitializeBuildStatus:
         Создание "x64\Debug\Dop 3.tlog\unsuccessfulbuild", так как было задано "AlwaysCreate".
         Обращение к "x64\Debug\Dop 3.tlog\unsuccessfulbuild".
       ClCompile:
         D:\Visual studio\VC\Tools\MSVC\14.37.32822\bin\HostX64\x64\CL.exe /c /ZI /JMC /nologo /W3 /WX- /diagnostics:column /sdl /Od /D _DEBUG /D _CONSOLE /D _UNICODE /D UNICODE /Gm- /EHsc /RTC1 /MDd /GS /fp:precise /Zc:wchar_t /Zc:forScope /Zc:inline /permissive- /Fo"x64\Debug\\" /Fd"x64\Debug\vc143.pdb" /external:W3 /Gd /TP /FC /errorReport:prompt "dop 3.cpp"
         dop 3.cpp
       Link:
         D:\Visual studio\VC\Tools\MSVC\14.37.32822\bin\HostX64\x64\link.exe /ERRORREPORT:PROMPT /OUT:"D:\LESSONS\ОАиП\6 лаба\Dop 3\x64\Debug\Dop 3.exe" /INCREMENTAL /ILK:"x64\Debug\Dop 3.ilk" /NOLOGO kernel32.lib user32.lib gdi32.lib winspool.lib comdlg32.lib advapi32.lib shell32.lib ole32.lib oleaut32.lib uuid.lib odbc32.lib odbccp32.lib /MANIFEST /MANIFESTUAC:"level='asInvoker' uiAccess='false'" /manifest:embed /DEBUG /PDB:"D:\LESSONS\ОАиП\6 лаба\Dop 3\x64\Debug\Dop 3.pdb" /SUBSYSTEM:CONSOLE /TLBID:1 /DYNAMICBASE /NXCOMPAT /IMPLIB:"D:\LESSONS\ОАиП\6 лаба\Dop 3\x64\Debug\Dop 3.lib" /MACHINE:X64 "x64\Debug\dop 3.obj"
         LINK : не найден или не выполнена сборка D:\LESSONS\ОАиП\6 лаба\Dop 3\x64\Debug\Dop 3.exe при последней инкрементной компоновке; выполняется полная компоновка
     1>MSVCRTD.lib(exe_main.obj) : error LNK2019: ссылка на неразрешенный внешний символ main в функции "int __cdecl invoke_main(void)" (?invoke_main@@YAHXZ).
     1>D:\LESSONS\ОАиП\6 лаба\Dop 3\x64\Debug\Dop 3.exe : fatal error LNK1120: неразрешенных внешних элементов: 1
     1>Сборка проекта "D:\LESSONS\ОАиП\6 лаба\Dop 3\Dop 3.vcxproj" завершена (целевые объекты Build) с ошибкой.

Ошибка сборки.

       "D:\LESSONS\ОАиП\6 лаба\Dop 3\Dop 3.vcxproj" (целевой объект Build ) (1) ->
       (Целевой объект Link) -> 
         MSVCRTD.lib(exe_main.obj) : error LNK2019: ссылка на неразрешенный внешний символ main в функции "int __cdecl invoke_main(void)" (?invoke_main@@YAHXZ).
         D:\LESSONS\ОАиП\6 лаба\Dop 3\x64\Debug\Dop 3.exe : fatal error LNK1120: неразрешенных внешних элементов: 1

    Предупреждений: 0
    Ошибок: 2

Прошло времени 00:00:00.78
