Сборка начата 19.09.2023 18:25:00.
Уровень детализации журнала: Normal.     1>Проект "D:\LESSONS\ОАиП\3 лаба(Аврусевич Егор ФИТ 1-9)\Project3\Project3.vcxproj" в узле 2 (целевые объекты Build).
     1>PrepareForBuild:
         Создание каталога "x64\Release\Project3.1.1.tlog\".
       InitializeBuildStatus:
         Создание "x64\Release\Project3.1.1.tlog\unsuccessfulbuild", так как было задано "AlwaysCreate".
         Обращение к "x64\Release\Project3.1.1.tlog\unsuccessfulbuild".
       ClCompile:
         D:\Visual studio\VC\Tools\MSVC\14.37.32822\bin\HostX64\x64\CL.exe /c /Zi /nologo /W3 /WX- /diagnostics:column /sdl /O2 /Oi /GL /D NDEBUG /D _CONSOLE /D _UNICODE /D UNICODE /Gm- /EHsc /MD /GS /Gy /fp:precise /Zc:wchar_t /Zc:forScope /Zc:inline /permissive- /Fo"x64\Release\\" /Fd"x64\Release\vc143.pdb" /external:W3 /Gd /TP /FC /errorReport:prompt "Project 3.1.1.cpp"
         Project 3.1.1.cpp
       Link:
         D:\Visual studio\VC\Tools\MSVC\14.37.32822\bin\HostX64\x64\link.exe /ERRORREPORT:PROMPT /OUT:"D:\LESSONS\ОАиП\3 лаба(Аврусевич Егор ФИТ 1-9)\Project3\x64\Release\Project3.1.1.exe" /NOLOGO kernel32.lib user32.lib gdi32.lib winspool.lib comdlg32.lib advapi32.lib shell32.lib ole32.lib oleaut32.lib uuid.lib odbc32.lib odbccp32.lib /MANIFEST /MANIFESTUAC:"level='asInvoker' uiAccess='false'" /manifest:embed /DEBUG /PDB:"D:\LESSONS\ОАиП\3 лаба(Аврусевич Егор ФИТ 1-9)\Project3\x64\Release\Project3.1.1.pdb" /SUBSYSTEM:CONSOLE /OPT:REF /OPT:ICF /LTCG:incremental /LTCGOUT:"x64\Release\Project3.1.1.iobj" /TLBID:1 /DYNAMICBASE /NXCOMPAT /IMPLIB:"D:\LESSONS\ОАиП\3 лаба(Аврусевич Егор ФИТ 1-9)\Project3\x64\Release\Project3.1.1.lib" /MACHINE:X64 "x64\Release\Project 3.1.1.obj"
     1>MSVCRT.lib(exe_main.obj) : error LNK2001: неразрешенный внешний символ main.
     1>D:\LESSONS\ОАиП\3 лаба(Аврусевич Егор ФИТ 1-9)\Project3\x64\Release\Project3.1.1.exe : fatal error LNK1120: неразрешенных внешних элементов: 1
     1>Сборка проекта "D:\LESSONS\ОАиП\3 лаба(Аврусевич Егор ФИТ 1-9)\Project3\Project3.vcxproj" завершена (целевые объекты Build) с ошибкой.

Ошибка сборки.

       "D:\LESSONS\ОАиП\3 лаба(Аврусевич Егор ФИТ 1-9)\Project3\Project3.vcxproj" (целевой объект Build ) (1) ->
       (Целевой объект Link) -> 
         MSVCRT.lib(exe_main.obj) : error LNK2001: неразрешенный внешний символ main.
         D:\LESSONS\ОАиП\3 лаба(Аврусевич Егор ФИТ 1-9)\Project3\x64\Release\Project3.1.1.exe : fatal error LNK1120: неразрешенных внешних элементов: 1

    Предупреждений: 0
    Ошибок: 2

Прошло времени 00:00:00.72
