Сборка начата 23.10.2023 19:18:07.
Уровень детализации журнала: Normal.     1>Проект "D:\LESSONS\ОАиП\7 лаба\Project7\Project7.vcxproj" в узле 2 (целевые объекты Build).
     1>InitializeBuildStatus:
         Обращение к "x64\Debug\Project7.tlog\unsuccessfulbuild".
       ClCompile:
         D:\Visual studio\VC\Tools\MSVC\14.37.32822\bin\HostX64\x64\CL.exe /c /ZI /JMC /nologo /W3 /WX- /diagnostics:column /sdl /Od /D _DEBUG /D _CONSOLE /D _UNICODE /D UNICODE /Gm- /EHsc /RTC1 /MDd /GS /fp:precise /Zc:wchar_t /Zc:forScope /Zc:inline /permissive- /Fo"x64\Debug\\" /Fd"x64\Debug\vc143.pdb" /external:W3 /Gd /TP /FC /errorReport:prompt "laba 7.6.cpp"
         laba 7.6.cpp
     1>D:\LESSONS\ОАиП\7 лаба\Project7\laba 7.6.cpp(4,10): warning C4305: инициализация: усечение из "double" в "float"
     1>D:\LESSONS\ОАиП\7 лаба\Project7\laba 7.6.cpp(7,49): warning C4244: =: преобразование "double" в "float", возможна потеря данных
     1>D:\LESSONS\ОАиП\7 лаба\Project7\laba 7.6.cpp(9,11): warning C4244: =: преобразование "double" в "float", возможна потеря данных
     1>D:\LESSONS\ОАиП\7 лаба\Project7\laba 7.6.cpp(16,9): warning C4244: =: преобразование "double" в "float", возможна потеря данных
       Link:
         D:\Visual studio\VC\Tools\MSVC\14.37.32822\bin\HostX64\x64\link.exe /ERRORREPORT:PROMPT /OUT:"D:\LESSONS\ОАиП\7 лаба\Project7\x64\Debug\Project7.exe" /INCREMENTAL /ILK:"x64\Debug\Project7.ilk" /NOLOGO kernel32.lib user32.lib gdi32.lib winspool.lib comdlg32.lib advapi32.lib shell32.lib ole32.lib oleaut32.lib uuid.lib odbc32.lib odbccp32.lib /MANIFEST /MANIFESTUAC:"level='asInvoker' uiAccess='false'" /manifest:embed /DEBUG /PDB:"D:\LESSONS\ОАиП\7 лаба\Project7\x64\Debug\Project7.pdb" /SUBSYSTEM:CONSOLE /TLBID:1 /DYNAMICBASE /NXCOMPAT /IMPLIB:"D:\LESSONS\ОАиП\7 лаба\Project7\x64\Debug\Project7.lib" /MACHINE:X64 "x64\Debug\laba 7.6.obj"
         Project7.vcxproj -> D:\LESSONS\ОАиП\7 лаба\Project7\x64\Debug\Project7.exe
       TlogCleanup:
         Следующие элементы будут удалены из tlogs, так как они были удалены из проекта или сборки: D:\LESSONS\ОАиП\7 лаба\Project7\laba 7.cpp.
       FinalizeBuildStatus:
         Файл "x64\Debug\Project7.tlog\unsuccessfulbuild" удаляется.
         Обращение к "x64\Debug\Project7.tlog\Project7.lastbuildstate".
     1>Сборка проекта "D:\LESSONS\ОАиП\7 лаба\Project7\Project7.vcxproj" завершена (целевые объекты Build).

Сборка успешно завершена.

       "D:\LESSONS\ОАиП\7 лаба\Project7\Project7.vcxproj" (целевой объект Build ) (1) ->
       (Целевой объект ClCompile) -> 
         D:\LESSONS\ОАиП\7 лаба\Project7\laba 7.6.cpp(4,10): warning C4305: инициализация: усечение из "double" в "float"
         D:\LESSONS\ОАиП\7 лаба\Project7\laba 7.6.cpp(7,49): warning C4244: =: преобразование "double" в "float", возможна потеря данных
         D:\LESSONS\ОАиП\7 лаба\Project7\laba 7.6.cpp(9,11): warning C4244: =: преобразование "double" в "float", возможна потеря данных
         D:\LESSONS\ОАиП\7 лаба\Project7\laba 7.6.cpp(16,9): warning C4244: =: преобразование "double" в "float", возможна потеря данных

    Предупреждений: 4
    Ошибок: 0

Прошло времени 00:00:01.01
