Сборка начата 23.10.2023 20:59:34.
Уровень детализации журнала: Normal.     1>Проект "D:\LESSONS\ОАиП\7 лаба\Project7.8.3\Project7.8.3.vcxproj" в узле 2 (целевые объекты Build).
     1>InitializeBuildStatus:
         Создание "x64\Release\Project7.8.3.tlog\unsuccessfulbuild", так как было задано "AlwaysCreate".
         Обращение к "x64\Release\Project7.8.3.tlog\unsuccessfulbuild".
       ClCompile:
         D:\Visual studio\VC\Tools\MSVC\14.37.32822\bin\HostX64\x64\CL.exe /c /Zi /nologo /W3 /WX- /diagnostics:column /sdl /O2 /Oi /GL /D NDEBUG /D _CONSOLE /D _UNICODE /D UNICODE /Gm- /EHsc /MD /GS /Gy /fp:precise /Zc:wchar_t /Zc:forScope /Zc:inline /permissive- /Fo"x64\Release\\" /Fd"x64\Release\vc143.pdb" /external:W3 /Gd /TP /FC /errorReport:prompt "project 7.8.3.cpp"
         project 7.8.3.cpp
       Link:
         D:\Visual studio\VC\Tools\MSVC\14.37.32822\bin\HostX64\x64\link.exe /ERRORREPORT:PROMPT /OUT:"D:\LESSONS\ОАиП\7 лаба\Project7\x64\Release\Project7.8.3.exe" /NOLOGO kernel32.lib user32.lib gdi32.lib winspool.lib comdlg32.lib advapi32.lib shell32.lib ole32.lib oleaut32.lib uuid.lib odbc32.lib odbccp32.lib /MANIFEST /MANIFESTUAC:"level='asInvoker' uiAccess='false'" /manifest:embed /DEBUG /PDB:"D:\LESSONS\ОАиП\7 лаба\Project7\x64\Release\Project7.8.3.pdb" /SUBSYSTEM:CONSOLE /OPT:REF /OPT:ICF /LTCG:incremental /LTCGOUT:"x64\Release\Project7.8.3.iobj" /TLBID:1 /DYNAMICBASE /NXCOMPAT /IMPLIB:"D:\LESSONS\ОАиП\7 лаба\Project7\x64\Release\Project7.8.3.lib" /MACHINE:X64 "x64\Release\project 7.8.3.obj"
         Создание кода
         1 of 10 functions (10.0%) were compiled, the rest were copied from previous compilation.
           0 functions were new in current compilation
           0 functions had inline decision re-evaluated but remain unchanged
         Создание кода завершено
         Project7.8.3.vcxproj -> D:\LESSONS\ОАиП\7 лаба\Project7\x64\Release\Project7.8.3.exe
       FinalizeBuildStatus:
         Файл "x64\Release\Project7.8.3.tlog\unsuccessfulbuild" удаляется.
         Обращение к "x64\Release\Project7.8.3.tlog\Project7.8.3.lastbuildstate".
     1>Сборка проекта "D:\LESSONS\ОАиП\7 лаба\Project7.8.3\Project7.8.3.vcxproj" завершена (целевые объекты Build).

Сборка успешно завершена.
    Предупреждений: 0
    Ошибок: 0

Прошло времени 00:00:00.81
